
[D:\AGREP]CHCP 850   
	{0x00,0x00,0x00} /* ... */, {0x01,0x01,0x01} /* ... */,
	{0x02,0x02,0x02} /* ... */, {0x03,0x03,0x03} /* ... */,
	{0x04,0x04,0x04} /* ... */, {0x05,0x05,0x05} /* ... */,
	{0x06,0x06,0x06} /* ... */, {0x07,0x07,0x07} /* ... */,
	{0x08,0x08,0x08} /* ... */, {0x09,0x09,0x09} /* ... */,
	{0x0A,0x0A,0x0A} /* ... */, {0x0B,0x0B,0x0B} /* ... */,
	{0x0C,0x0C,0x0C} /* ... */, {0x0D,0x0D,0x0D} /* ... */,
	{0x0E,0x0E,0x0E} /* ... */, {0x0F,0x0F,0x0F} /* ... */,
	{0x10,0x10,0x10} /* ... */, {0x11,0x11,0x11} /* ... */,
	{0x12,0x12,0x12} /* ... */, {0x13,0x13,0x13} /* ... */,
	{0x14,0x14,0x14} /* ... */, {0x15,0x15,0x15} /* ... */,
	{0x16,0x16,0x16} /* ... */, {0x17,0x17,0x17} /* ... */,
	{0x18,0x18,0x18} /* ... */, {0x19,0x19,0x19} /* ... */,
	{0x1A,0x1A,0x1A} /* ... */, {0x1B,0x1B,0x1B} /* ... */,
	{0x1C,0x1C,0x1C} /* ... */, {0x1D,0x1D,0x1D} /* ... */,
	{0x1E,0x1E,0x1E} /* ... */, {0x1F,0x1F,0x1F} /* ... */,
	{0x20,0x20,0x20} /* ... */, {0x21,0x21,0x21} /* ... */,
	{0x22,0x22,0x22} /* ... */, {0x23,0x23,0x23} /* ... */,
	{0x24,0x24,0x24} /* ... */, {0x25,0x25,0x25} /* ... */,
	{0x26,0x26,0x26} /* ... */, {0x27,0x27,0x27} /* ... */,
	{0x28,0x28,0x28} /* ... */, {0x29,0x29,0x29} /* ... */,
	{0x2A,0x2A,0x2A} /* ... */, {0x2B,0x2B,0x2B} /* ... */,
	{0x2C,0x2C,0x2C} /* ... */, {0x2D,0x2D,0x2D} /* ... */,
	{0x2E,0x2E,0x2E} /* ... */, {0x2F,0x2F,0x2F} /* ... */,
	{0x30,0x30,0x30} /* ... */, {0x31,0x31,0x31} /* ... */,
	{0x32,0x32,0x32} /* ... */, {0x33,0x33,0x33} /* ... */,
	{0x34,0x34,0x34} /* ... */, {0x35,0x35,0x35} /* ... */,
	{0x36,0x36,0x36} /* ... */, {0x37,0x37,0x37} /* ... */,
	{0x38,0x38,0x38} /* ... */, {0x39,0x39,0x39} /* ... */,
	{0x3A,0x3A,0x3A} /* ::: */, {0x3B,0x3B,0x3B} /* ;;; */,
	{0x3C,0x3C,0x3C} /* <<< */, {0x3D,0x3D,0x3D} /* === */,
	{0x3E,0x3E,0x3E} /* >>> */, {0x3F,0x3F,0x3F} /* ??? */,
	{0x40,0x40,0x40} /* @@@ */, {0x41,0x61,0x61} /* Aaa */,
	{0x42,0x62,0x62} /* Bbb */, {0x43,0x63,0x63} /* Ccc */,
	{0x44,0x64,0x64} /* Ddd */, {0x45,0x65,0x65} /* Eee */,
	{0x46,0x66,0x66} /* Fff */, {0x47,0x67,0x67} /* Ggg */,
	{0x48,0x68,0x68} /* Hhh */, {0x49,0x69,0x69} /* Iii */,
	{0x4A,0x6A,0x6A} /* Jjj */, {0x4B,0x6B,0x6B} /* Kkk */,
	{0x4C,0x6C,0x6C} /* Lll */, {0x4D,0x6D,0x6D} /* Mmm */,
	{0x4E,0x6E,0x6E} /* Nnn */, {0x4F,0x6F,0x6F} /* Ooo */,
	{0x50,0x70,0x70} /* Ppp */, {0x51,0x71,0x71} /* Qqq */,
	{0x52,0x72,0x72} /* Rrr */, {0x53,0x73,0x73} /* Sss */,
	{0x54,0x74,0x74} /* Ttt */, {0x55,0x75,0x75} /* Uuu */,
	{0x56,0x76,0x76} /* Vvv */, {0x57,0x77,0x77} /* Www */,
	{0x58,0x78,0x78} /* Xxx */, {0x59,0x79,0x79} /* Yyy */,
	{0x5A,0x7A,0x7A} /* Zzz */, {0x5B,0x5B,0x5B} /* [[[ */,
	{0x5C,0x5C,0x5C} /* \\\ */, {0x5D,0x5D,0x5D} /* ]]] */,
	{0x5E,0x5E,0x5E} /* ^^^ */, {0x5F,0x5F,0x5F} /* ___ */,
	{0x60,0x60,0x60} /* ``` */, {0x61,0x61,0x61} /* aaa */,
	{0x62,0x62,0x62} /* bbb */, {0x63,0x63,0x63} /* ccc */,
	{0x64,0x64,0x64} /* ddd */, {0x65,0x65,0x65} /* eee */,
	{0x66,0x66,0x66} /* fff */, {0x67,0x67,0x67} /* ggg */,
	{0x68,0x68,0x68} /* hhh */, {0x69,0x69,0x69} /* iii */,
	{0x6A,0x6A,0x6A} /* jjj */, {0x6B,0x6B,0x6B} /* kkk */,
	{0x6C,0x6C,0x6C} /* lll */, {0x6D,0x6D,0x6D} /* mmm */,
	{0x6E,0x6E,0x6E} /* nnn */, {0x6F,0x6F,0x6F} /* ooo */,
	{0x70,0x70,0x70} /* ppp */, {0x71,0x71,0x71} /* qqq */,
	{0x72,0x72,0x72} /* rrr */, {0x73,0x73,0x73} /* sss */,
	{0x74,0x74,0x74} /* ttt */, {0x75,0x75,0x75} /* uuu */,
	{0x76,0x76,0x76} /* vvv */, {0x77,0x77,0x77} /* www */,
	{0x78,0x78,0x78} /* xxx */, {0x79,0x79,0x79} /* yyy */,
	{0x7A,0x7A,0x7A} /* zzz */, {0x7B,0x7B,0x7B} /* {{{ */,
	{0x7C,0x7C,0x7C} /* ||| */, {0x7D,0x7D,0x7D} /* }}} */,
	{0x7E,0x7E,0x7E} /* ~~~ */, {0x7F,0x7F,0x7F} /*  */,
	{0x80,0x87,0x63} /* Äác */, {0x81,0x81,0x75} /* ÅÅu */,
	{0x82,0x82,0x65} /* ÇÇe */, {0x83,0x83,0x61} /* ÉÉa */,
	{0x84,0x84,0x61} /* ÑÑa */, {0x85,0x85,0x61} /* ÖÖa */,
	{0x86,0x86,0x61} /* ÜÜa */, {0x87,0x87,0x63} /* áác */,
	{0x88,0x88,0x65} /* ààe */, {0x89,0x89,0x65} /* ââe */,
	{0x8A,0x8A,0x65} /* ääe */, {0x8B,0x8B,0x69} /* ããi */,
	{0x8C,0x8C,0x69} /* ååi */, {0x8D,0x8D,0x69} /* ççi */,
	{0x8E,0x84,0x61} /* éÑa */, {0x8F,0x86,0x61} /* èÜa */,
	{0x90,0x82,0x65} /* êÇe */, {0x91,0x91,0x61} /* ëëa */,
	{0x92,0x91,0x61} /* íëa */, {0x93,0x93,0x6F} /* ììo */,
	{0x94,0x94,0x6F} /* îîo */, {0x95,0x95,0x6F} /* ïïo */,
	{0x96,0x96,0x75} /* ññu */, {0x97,0x97,0x75} /* óóu */,
	{0x98,0x98,0x79} /* òòy */, {0x99,0x94,0x6F} /* ôîo */,
	{0x9A,0x81,0x75} /* öÅu */, {0x9B,0x9B,0x6F} /* õõo */,
	{0x9C,0x9C,0x62} /* úúb */, {0x9D,0x9D,0x6F} /* ùùo */,
	{0x9E,0x9E,0x78} /* ûûx */, {0x9F,0x9F,0x66} /* üüf */,
	{0xA0,0xA0,0x61} /* ††a */, {0xA1,0xA1,0x69} /* °°i */,
	{0xA2,0xA2,0x6F} /* ¢¢o */, {0xA3,0xA3,0x75} /* ££u */,
	{0xA4,0xA4,0x6E} /* §§n */, {0xA5,0xA4,0x6E} /* •§n */,
	{0xA6,0xA6,0x61} /* ¶¶a */, {0xA7,0xA7,0x6F} /* ßßo */,
	{0xA8,0xA8,0x3F} /* ®®? */, {0xA9,0xA9,0x72} /* ©©r */,
	{0xAA,0xAA,0x23} /* ™™. */, {0xAB,0xAB,0x32} /* ´´. */,
	{0xAC,0xAC,0x34} /* ¨¨. */, {0xAD,0xAD,0x21} /* ≠≠. */,
	{0xAE,0xAE,0x3C} /* ÆÆ< */, {0xAF,0xAF,0x3E} /* ØØ> */,
	{0xB0,0xB0,0x23} /* ∞∞. */, {0xB1,0xB1,0x23} /* ±±. */,
	{0xB2,0xB2,0x23} /* ≤≤. */, {0xB3,0xB3,0x23} /* ≥≥. */,
	{0xB4,0xB4,0x23} /* ¥¥. */, {0xB5,0xA0,0x61} /* µ†a */,
	{0xB6,0x83,0x61} /* ∂Éa */, {0xB7,0x85,0x61} /* ∑Öa */,
	{0xB8,0xB8,0x63} /* ∏∏c */, {0xB9,0xB9,0x23} /* ππ. */,
	{0xBA,0xBA,0x23} /* ∫∫. */, {0xBB,0xBB,0x23} /* ªª. */,
	{0xBC,0xBC,0x23} /* ºº. */, {0xBD,0xBD,0x63} /* ΩΩc */,
	{0xBE,0xBE,0x79} /* ææy */, {0xBF,0xBF,0x23} /* øø. */,
	{0xC0,0xC0,0xC0} /* ¿¿¿ */, {0xC1,0xC1,0xC1} /* ¡¡¡ */,
	{0xC2,0xC2,0xC2} /* ¬¬¬ */, {0xC3,0xC3,0xC3} /* √√√ */,
	{0xC4,0xC4,0xC4} /* ƒƒƒ */, {0xC5,0xC5,0xC5} /* ≈≈≈ */,
	{0xC6,0xC6,0x61} /* ∆∆a */, {0xC7,0xC6,0x61} /* «∆a */,
	{0xC8,0xC8,0xC8} /* »»» */, {0xC9,0xC9,0xC9} /* ……… */,
	{0xCA,0xCA,0xCA} /*     */, {0xCB,0xCB,0xCB} /* ÀÀÀ */,
	{0xCC,0xCC,0xCC} /* ÃÃÃ */, {0xCD,0xCD,0xCD} /* ÕÕÕ */,
	{0xCE,0xCE,0xCE} /* ŒŒŒ */, {0xCF,0xCF,0x6F} /* œœo */,
	{0xD0,0xD0,0x64} /* ––d */, {0xD1,0xD0,0x64} /* —–d */,
	{0xD2,0x88,0x65} /* “àe */, {0xD3,0x89,0x65} /* ”âe */,
	{0xD4,0x8A,0x65} /* ‘äe */, {0xD5,0xD5,0x69} /* ’’i */,
	{0xD6,0xA1,0x69} /* ÷°i */, {0xD7,0x8C,0x69} /* ◊åi */,
	{0xD8,0x8B,0x69} /* ÿãi */, {0xD9,0xD9,0xD9} /* ŸŸŸ */,
	{0xDA,0xDA,0xDA} /* ⁄⁄⁄ */, {0xDB,0xDB,0xDB} /* €€€ */,
	{0xDC,0xDC,0xDC} /* ‹‹‹ */, {0xDD,0xDD,0xDD} /* ››› */,
	{0xDE,0x8D,0x69} /* ﬁçi */, {0xDF,0xDF,0xDF} /* ﬂﬂﬂ */,
	{0xE0,0xA2,0x6F} /* ‡¢o */, {0xE1,0xE1,0x73} /* ··s */,
	{0xE2,0x93,0x6F} /* ‚ìo */, {0xE3,0x95,0x6F} /* „ïo */,
	{0xE4,0xE4,0x6F} /* ‰‰o */, {0xE5,0xE4,0x6F} /* Â‰o */,
	{0xE6,0xE6,0x6D} /* ÊÊm */, {0xE7,0xE7,0x70} /* ÁÁp */,
	{0xE8,0xE8,0x70} /* ËËp */, {0xE9,0xA3,0x75} /* È£u */,
	{0xEA,0x96,0x75} /* Íñu */, {0xEB,0x97,0x75} /* Îóu */,
	{0xEC,0xEC,0x79} /* ÏÏy */, {0xED,0xEC,0x79} /* ÌÏy */,
	{0xEE,0xEE,0xEE} /* ÓÓÓ */, {0xEF,0xEF,0xEF} /* ÔÔÔ */,
	{0xF0,0xF0,0xF0} /*  */, {0xF1,0xF1,0xF1} /* ÒÒÒ */,
	{0xF2,0xF2,0xF2} /* ÚÚÚ */, {0xF3,0xF3,0x33} /* ÛÛ. */,
	{0xF4,0xF4,0x70} /* ÙÙp */, {0xF5,0xF5,0xF5} /* ııı */,
	{0xF6,0xF6,0xF6} /* ˆˆˆ */, {0xF7,0xF7,0xF7} /* ˜˜˜ */,
	{0xF8,0xF8,0xF8} /* ¯¯¯ */, {0xF9,0xF9,0xF9} /* ˘˘˘ */,
	{0xFA,0xFA,0xFA} /* ˙˙˙ */, {0xFB,0xFB,0x31} /* ˚˚. */,
	{0xFC,0xFC,0x33} /* ¸¸. */, {0xFD,0xFD,0x32} /* ˝˝. */,
	{0xFE,0xFE,0xFE} /* ˛˛˛ */, {0xFF,0xFF,0xFF} /* ˇˇˇ */


/* The 128 characters above 7Fh of codepage 850  : */

/* ÄÅÇÉÑÖÜáàâäãåçéèêëíìîïñóòôöõúùûü†°¢£§•¶ß®©™´¨≠ÆØ∞±≤≥¥µ∂∑∏π∫ªºΩæø */
/* ¿¡¬√ƒ≈∆«»… ÀÃÕŒœ–—“”‘’÷◊ÿŸ⁄€‹›ﬁﬂ‡·‚„‰ÂÊÁËÈÍÎÏÌÓÔÒÚÛÙıˆ˜¯˘˙˚¸˝˛ˇ */
