	{/*0x22*/,0x22,0x22,0x00, 0,0} /* """ */, {/*0x23*/,0x23,0x23,0x00, 0,0} /* ### */,
	{/*0x24*/,0x24,0x24,0x00, 0,0} /* $$$ */, {/*0x25*/,0x25,0x25,0x00, 0,0} /* %%% */,
	{/*0x26*/,0x26,0x26,0x00, 0,0} /* &&& */, {/*0x27*/,0x27,0x27,0x00, 0,0} /* ''' */,
	{/*0x28*/,0x28,0x28,0x00, 0,0} /* ((( */, {/*0x29*/,0x29,0x29,0x00, 0,0} /* ))) */,
	{/*0x2A*/,0x2A,0x2A,0x00, 0,0} /* *** */, {/*0x2B*/,0x2B,0x2B,0x00, 0,0} /* +++ */,
	{/*0x2C*/,0x2C,0x2C,0x00, 0,0} /* ,,, */, {/*0x2D*/,0x2D,0x2D,0x00, 0,0} /* --- */,
	{/*0x2E*/,0x2E,0x2E,0x00, 0,0} /* ... */, {/*0x2F*/,0x2F,0x2F,0x00, 0,0} /* /// */,
	{/*0x30*/,0x30,0x30,0x00, 0,0} /* 000 */, {/*0x31*/,0x31,0x31,0x00, 0,0} /* 111 */,
	{/*0x32*/,0x32,0x32,0x00, 0,0} /* 222 */, {/*0x33*/,0x33,0x33,0x00, 0,0} /* 333 */,
	{/*0x34*/,0x34,0x34,0x00, 0,0} /* 444 */, {/*0x35*/,0x35,0x35,0x00, 0,0} /* 555 */,
	{/*0x36*/,0x36,0x36,0x00, 0,0} /* 666 */, {/*0x37*/,0x37,0x37,0x00, 0,0} /* 777 */,
	{/*0x38*/,0x38,0x38,0x00, 0,0} /* 888 */, {/*0x39*/,0x39,0x39,0x00, 0,0} /* 999 */,
	{/*0x3A*/,0x3A,0x3A,0x00, 0,0} /* ::: */, {/*0x3B*/,0x3B,0x3B,0x00, 0,0} /* ;;; */,
	{/*0x3C*/,0x3C,0x3C,0x00, 0,0} /* <<< */, {/*0x3D*/,0x3D,0x3D,0x00, 0,0} /* === */,
	{/*0x3E*/,0x3E,0x3E,0x00, 0,0} /* >>> */, {/*0x3F*/,0x3F,0x3F,0x00, 0,0} /* ??? */,
	{/*0x40*/,0x40,0x40,0x00, 0,0} /* @@@ */, {/*0x41*/,0x61,0x61,0x00, 0,0} /* Aaa */,
	{/*0x42*/,0x62,0x62,0x00, 0,0} /* Bbb */, {/*0x43*/,0x63,0x63,0x00, 0,0} /* Ccc */,
	{/*0x44*/,0x64,0x64,0x00, 0,0} /* Ddd */, {/*0x45*/,0x65,0x65,0x00, 0,0} /* Eee */,
	{/*0x46*/,0x66,0x66,0x00, 0,0} /* Fff */, {/*0x47*/,0x67,0x67,0x00, 0,0} /* Ggg */,
	{/*0x48*/,0x68,0x68,0x00, 0,0} /* Hhh */, {/*0x49*/,0x69,0x69,0x00, 0,0} /* Iii */,
	{/*0x4A*/,0x6A,0x6A,0x00, 0,0} /* Jjj */, {/*0x4B*/,0x6B,0x6B,0x00, 0,0} /* Kkk */,
	{/*0x4C*/,0x6C,0x6C,0x00, 0,0} /* Lll */, {/*0x4D*/,0x6D,0x6D,0x00, 0,0} /* Mmm */,
	{/*0x4E*/,0x6E,0x6E,0x00, 0,0} /* Nnn */, {/*0x4F*/,0x6F,0x6F,0x00, 0,0} /* Ooo */,
	{/*0x50*/,0x70,0x70,0x00, 0,0} /* Ppp */, {/*0x51*/,0x71,0x71,0x00, 0,0} /* Qqq */,
	{/*0x52*/,0x72,0x72,0x00, 0,0} /* Rrr */, {/*0x53*/,0x73,0x73,0x00, 0,0} /* Sss */,
	{/*0x54*/,0x74,0x74,0x00, 0,0} /* Ttt */, {/*0x55*/,0x75,0x75,0x00, 0,0} /* Uuu */,
	{/*0x56*/,0x76,0x76,0x00, 0,0} /* Vvv */, {/*0x57*/,0x77,0x77,0x00, 0,0} /* Www */,
	{/*0x58*/,0x78,0x78,0x00, 0,0} /* Xxx */, {/*0x59*/,0x79,0x79,0x00, 0,0} /* Yyy */,
	{/*0x5A*/,0x7A,0x7A,0x00, 0,0} /* Zzz */, {/*0x5B*/,0x5B,0x5B,0x00, 0,0} /* [[[ */,
	{/*0x5C*/,0x5C,0x5C,0x00, 0,0} /* \\\ */, {/*0x5D*/,0x5D,0x5D,0x00, 0,0} /* ]]] */,
	{/*0x5E*/,0x5E,0x5E,0x00, 0,0} /* ^^^ */, {/*0x5F*/,0x5F,0x5F,0x00, 0,0} /* ___ */,
	{/*0x60*/,0x60,0x60,0x00, 0,0} /* ``` */, {/*0x61*/,0x61,0x61,0x00, 0,0} /* aaa */,
	{/*0x62*/,0x62,0x62,0x00, 0,0} /* bbb */, {/*0x63*/,0x63,0x63,0x00, 0,0} /* ccc */,
	{/*0x64*/,0x64,0x64,0x00, 0,0} /* ddd */, {/*0x65*/,0x65,0x65,0x00, 0,0} /* eee */,
	{/*0x66*/,0x66,0x66,0x00, 0,0} /* fff */, {/*0x67*/,0x67,0x67,0x00, 0,0} /* ggg */,
	{/*0x68*/,0x68,0x68,0x00, 0,0} /* hhh */, {/*0x69*/,0x69,0x69,0x00, 0,0} /* iii */,
	{/*0x6A*/,0x6A,0x6A,0x00, 0,0} /* jjj */, {/*0x6B*/,0x6B,0x6B,0x00, 0,0} /* kkk */,
	{/*0x6C*/,0x6C,0x6C,0x00, 0,0} /* lll */, {/*0x6D*/,0x6D,0x6D,0x00, 0,0} /* mmm */,
	{/*0x6E*/,0x6E,0x6E,0x00, 0,0} /* nnn */, {/*0x6F*/,0x6F,0x6F,0x00, 0,0} /* ooo */,
	{/*0x70*/,0x70,0x70,0x00, 0,0} /* ppp */, {/*0x71*/,0x71,0x71,0x00, 0,0} /* qqq */,
	{/*0x72*/,0x72,0x72,0x00, 0,0} /* rrr */, {/*0x73*/,0x73,0x73,0x00, 0,0} /* sss */,
	{/*0x74*/,0x74,0x74,0x00, 0,0} /* ttt */, {/*0x75*/,0x75,0x75,0x00, 0,0} /* uuu */,
	{/*0x76*/,0x76,0x76,0x00, 0,0} /* vvv */, {/*0x77*/,0x77,0x77,0x00, 0,0} /* www */,
	{/*0x78*/,0x78,0x78,0x00, 0,0} /* xxx */, {/*0x79*/,0x79,0x79,0x00, 0,0} /* yyy */,
	{/*0x7A*/,0x7A,0x7A,0x00, 0,0} /* zzz */, {/*0x7B*/,0x7B,0x7B,0x00, 0,0} /* {{{ */,
	{/*0x7C*/,0x7C,0x7C,0x00, 0,0} /* ||| */, {/*0x7D*/,0x7D,0x7D,0x00, 0,0} /* }}} */,
	{/*0x7E*/,0x7E,0x7E,0x00, 0,0} /* ~~~ */, {/*0x7F*/,0x7F,0x7F,0x00, 0,0} /*  */,
	{/*0x80*/,0x87,0x63,0x00, 0,0} /* Äác */, {/*0x81*/,0x81,0x75,0x00, 0,0} /* ÅÅu */,
	{/*0x82*/,0x82,0x65,0x00, 0,0} /* ÇÇe */, {/*0x83*/,0x83,0x61,0x00, 0,0} /* ÉÉa */,
	{/*0x84*/,0x84,0x61,0x00, 0,0} /* ÑÑa */, {/*0x85*/,0x85,0x61,0x00, 0,0} /* ÖÖa */,
	{/*0x86*/,0x86,0x61,0x00, 0,0} /* ÜÜa */, {/*0x87*/,0x87,0x63,0x00, 0,0} /* áác */,
	{/*0x88*/,0x88,0x65,0x00, 0,0} /* ààe */, {/*0x89*/,0x89,0x65,0x00, 0,0} /* ââe */,
	{/*0x8A*/,0x8A,0x65,0x00, 0,0} /* ääe */, {/*0x8B*/,0x8B,0x69,0x00, 0,0} /* ããi */,
	{/*0x8C*/,0x8C,0x69,0x00, 0,0} /* ååi */, {/*0x8D*/,0x8D,0x69,0x00, 0,0} /* ççi */,
	{/*0x8E*/,0x84,0x61,0x00, 0,0} /* éÑa */, {/*0x8F*/,0x86,0x61,0x00, 0,0} /* èÜa */,
	{/*0x90*/,0x82,0x65,0x00, 0,0} /* êÇe */, {/*0x91*/,0x91,0x61,0x00, 0,0} /* ëëa */,
	{/*0x92*/,0x91,0x61,0x00, 0,0} /* íëa */, {/*0x93*/,0x93,0x6F,0x00, 0,0} /* ììo */,
	{/*0x94*/,0x94,0x6F,0x00, 0,0} /* îîo */, {/*0x95*/,0x95,0x6F,0x00, 0,0} /* ïïo */,
	{/*0x96*/,0x96,0x75,0x00, 0,0} /* ññu */, {/*0x97*/,0x97,0x75,0x00, 0,0} /* óóu */,
	{/*0x98*/,0x98,0x79,0x00, 0,0} /* òòy */, {/*0x99*/,0x94,0x6F,0x00, 0,0} /* ôîo */,
	{/*0x9A*/,0x81,0x75,0x00, 0,0} /* öÅu */, {/*0x9B*/,0x9B,0x63,0x00, 0,0} /* õõc */,
	{/*0x9C*/,0x9C,0x62,0x00, 0,0} /* úúb */, {/*0x9D*/,0x9D,0x79,0x00, 0,0} /* ùùy */,
	{/*0x9E*/,0x9E,0x70,0x00, 0,0} /* ûûp */, {/*0x9F*/,0x9F,0x66,0x00, 0,0} /* üüf */,
	{/*0xA0*/,0xA0,0x61,0x00, 0,0} /* ††a */, {/*0xA1*/,0xA1,0x69,0x00, 0,0} /* °°i */,
	{/*0xA2*/,0xA2,0x6F,0x00, 0,0} /* ¢¢o */, {/*0xA3*/,0xA3,0x75,0x00, 0,0} /* ££u */,
	{/*0xA4*/,0xA4,0x6E,0x00, 0,0} /* §§n */, {/*0xA5*/,0xA4,0x6E,0x00, 0,0} /* •§n */,
	{/*0xA6*/,0xA6,0x61,0x00, 0,0} /* ¶¶a */, {/*0xA7*/,0xA7,0x6F,0x00, 0,0} /* ßßo */,
	{/*0xA8*/,0xA8,0x3F,0x00, 0,0} /* ®®? */, {/*0xA9*/,0xA9,0xA9,0x00, 0,0} /* ©©© */,
	{/*0xAA*/,0xAA,0xAA,0x00, 0,0} /* ™™™ */, {/*0xAB*/,0xAB,0x32,0x00, 0,0} /* ´´2 */,
	{/*0xAC*/,0xAC,0x34,0x00, 0,0} /* ¨¨4 */, {/*0xAD*/,0xAD,0x21,0x00, 0,0} /* ≠≠! */,
	{/*0xAE*/,0xAE,0x3C,0x00, 0,0} /* ÆÆ< */, {/*0xAF*/,0xAF,0x3E,0x00, 0,0} /* ØØ> */,
	{/*0xB0*/,0xB0,0x23,0x00, 0,0} /* ∞∞# */, {/*0xB1*/,0xB1,0x23,0x00, 0,0} /* ±±# */,
	{/*0xB2*/,0xB2,0x23,0x00, 0,0} /* ≤≤# */, {/*0xB3*/,0xB3,0xB3,0x00, 0,0} /* ≥≥≥ */,
	{/*0xB4*/,0xB4,0xB4,0x00, 0,0} /* ¥¥¥ */, {/*0xB5*/,0xB5,0xB5,0x00, 0,0} /* µµµ */,
	{/*0xB6*/,0xB6,0xB6,0x00, 0,0} /* ∂∂∂ */, {/*0xB7*/,0xB7,0xB7,0x00, 0,0} /* ∑∑∑ */,
	{/*0xB8*/,0xB8,0xB8,0x00, 0,0} /* ∏∏∏ */, {/*0xB9*/,0xB9,0xB9,0x00, 0,0} /* πππ */,
	{/*0xBA*/,0xBA,0xBA,0x00, 0,0} /* ∫∫∫ */, {/*0xBB*/,0xBB,0xBB,0x00, 0,0} /* ªªª */,
	{/*0xBC*/,0xBC,0xBC,0x00, 0,0} /* ººº */, {/*0xBD*/,0xBD,0xBD,0x00, 0,0} /* ΩΩΩ */,
	{/*0xBE*/,0xBE,0xBE,0x00, 0,0} /* æææ */, {/*0xBF*/,0xBF,0xBF,0x00, 0,0} /* øøø */,
	{/*0xC0*/,0xC0,0xC0,0x00, 0,0} /* ¿¿¿ */, {/*0xC1*/,0xC1,0xC1,0x00, 0,0} /* ¡¡¡ */,
	{/*0xC2*/,0xC2,0xC2,0x00, 0,0} /* ¬¬¬ */, {/*0xC3*/,0xC3,0xC3,0x00, 0,0} /* √√√ */,
	{/*0xC4*/,0xC4,0xC4,0x00, 0,0} /* ƒƒƒ */, {/*0xC5*/,0xC5,0xC5,0x00, 0,0} /* ≈≈≈ */,
	{/*0xC6*/,0xC6,0xC6,0x00, 0,0} /* ∆∆∆ */, {/*0xC7*/,0xC7,0xC7,0x00, 0,0} /* ««« */,
	{/*0xC8*/,0xC8,0xC8,0x00, 0,0} /* »»» */, {/*0xC9*/,0xC9,0xC9,0x00, 0,0} /* ……… */,
	{/*0xCA*/,0xCA,0xCA,0x00, 0,0} /*     */, {/*0xCB*/,0xCB,0xCB,0x00, 0,0} /* ÀÀÀ */,
	{/*0xCC*/,0xCC,0xCC,0x00, 0,0} /* ÃÃÃ */, {/*0xCD*/,0xCD,0xCD,0x00, 0,0} /* ÕÕÕ */,
	{/*0xCE*/,0xCE,0xCE,0x00, 0,0} /* ŒŒŒ */, {/*0xCF*/,0xCF,0xCF,0x00, 0,0} /* œœœ */,
	{/*0xD0*/,0xD0,0xD0,0x00, 0,0} /* ––– */, {/*0xD1*/,0xD1,0xD1,0x00, 0,0} /* ——— */,
	{/*0xD2*/,0xD2,0xD2,0x00, 0,0} /* “““ */, {/*0xD3*/,0xD3,0xD3,0x00, 0,0} /* ””” */,
	{/*0xD4*/,0xD4,0xD4,0x00, 0,0} /* ‘‘‘ */, {/*0xD5*/,0xD5,0xD5,0x00, 0,0} /* ’’’ */,
	{/*0xD6*/,0xD6,0xD6,0x00, 0,0} /* ÷÷÷ */, {/*0xD7*/,0xD7,0xD7,0x00, 0,0} /* ◊◊◊ */,
	{/*0xD8*/,0xD8,0xD8,0x00, 0,0} /* ÿÿÿ */, {/*0xD9*/,0xD9,0xD9,0x00, 0,0} /* ŸŸŸ */,
	{/*0xDA*/,0xDA,0xDA,0x00, 0,0} /* ⁄⁄⁄ */, {/*0xDB*/,0xDB,0xDB,0x00, 0,0} /* €€€ */,
	{/*0xDC*/,0xDC,0xDC,0x00, 0,0} /* ‹‹‹ */, {/*0xDD*/,0xDD,0xDD,0x00, 0,0} /* ››› */,
	{/*0xDE*/,0xDE,0xDE,0x00, 0,0} /* ﬁﬁﬁ */, {/*0xDF*/,0xDF,0xDF,0x00, 0,0} /* ﬂﬂﬂ */,
	{/*0xE0*/,0xE0,0x61,0x00, 0,0} /* ‡‡a */, {/*0xE1*/,0xE1,0x62,0x00, 0,0} /* ··b */,
	{/*0xE2*/,0xE2,0x67,0x00, 0,0} /* ‚‚g */, {/*0xE3*/,0xE3,0x70,0x00, 0,0} /* „„p */,
	{/*0xE4*/,0xE4,0x73,0x00, 0,0} /* ‰‰s */, {/*0xE5*/,0xE5,0x73,0x00, 0,0} /* ÂÂs */,
	{/*0xE6*/,0xE6,0x6D,0x00, 0,0} /* ÊÊm */, {/*0xE7*/,0xE7,0x74,0x00, 0,0} /* ÁÁt */,
	{/*0xE8*/,0xE8,0x70,0x00, 0,0} /* ËËp */, {/*0xE9*/,0xE9,0x74,0x00, 0,0} /* ÈÈt */,
	{/*0xEA*/,0xEA,0x64,0x00, 0,0} /* ÍÍd */, {/*0xEB*/,0xEB,0x64,0x00, 0,0} /* ÎÎd */,
	{/*0xEC*/,0xEC,0x6F,0x00, 0,0} /* ÏÏo */, {/*0xED*/,0xED,0x70,0x00, 0,0} /* ÌÌp */,
	{/*0xEE*/,0xEE,0x65,0x00, 0,0} /* ÓÓe */, {/*0xEF*/,0xEF,0xEF,0x00, 0,0} /* ÔÔÔ */,
	{/*0xF0*/,0xF0,0xF0,0x00, 0,0} /*  */, {/*0xF1*/,0xF1,0x2B,0x00, 0,0} /* ÒÒ+ */,
	{/*0xF2*/,0xF2,0x3E,0x00, 0,0} /* ÚÚ> */, {/*0xF3*/,0xF3,0x3C,0x00, 0,0} /* ÛÛ< */,
	{/*0xF4*/,0xF4,0xF4,0x00, 0,0} /* ÙÙÙ */, {/*0xF5*/,0xF5,0xF5,0x00, 0,0} /* ııı */,
	{/*0xF6*/,0xF6,0xF6,0x00, 0,0} /* ˆˆˆ */, {/*0xF7*/,0xF7,0xF7,0x00, 0,0} /* ˜˜˜ */,
	{/*0xF8*/,0xF8,0xF8,0x00, 0,0} /* ¯¯¯ */, {/*0xF9*/,0xF9,0xF9,0x00, 0,0} /* ˘˘˘ */,
	{/*0xFA*/,0xFA,0xFA,0x00, 0,0} /* ˙˙˙ */, {/*0xFB*/,0xFB,0xFB,0x00, 0,0} /* ˚˚˚ */,
	{/*0xFC*/,0xFC,0xFC,0x00, 0,0} /* ¸¸¸ */, {/*0xFD*/,0xFD,0x32,0x00, 0,0} /* ˝˝2 */,
	{/*0xFE*/,0xFE,0xFE,0x00, 0,0} /* ˛˛˛ */, {/*0xFF*/,0xFF,0xFF,0x00, 0,0} /* ˇˇˇ */

